FST info: dumpfile mmio_counter_tb.fst opened for output.
Benchmarking                              NOP Program
[CACHE] READ MISS port0 addr=04000000
[CACHE] READ MISS port1 addr=04000000
[CACHE] READ MISS port0 addr=04000000
[CACHE] READ MISS port1 addr=04000001
[CACHE] READ MISS port0 addr=04000001
[CACHE] READ MISS port1 addr=04000000
[CACHE] READ MISS port0 addr=04000002
[CACHE] READ MISS port1 addr=04000001
[CACHE] READ MISS port0 addr=04000003
[CACHE] READ MISS port1 addr=04000002
[CACHE] READ MISS port0 addr=04000004
[CACHE] READ MISS port1 addr=04000003
[CACHE] READ MISS port0 addr=04000005
[CACHE] READ MISS port1 addr=04000004
[CACHE] READ MISS port0 addr=04000006
[CACHE] READ MISS port1 addr=04000005
[CACHE] READ MISS port0 addr=04000007
[CACHE] READ MISS port1 addr=04000006
[CACHE] READ MISS port0 addr=04000008
[CACHE] READ MISS port1 addr=04000007
[CACHE] READ MISS port0 addr=04000009
[CACHE] READ MISS port1 addr=04000008
[CACHE] READ MISS port0 addr=0400000a
[CACHE] READ MISS port1 addr=04000009
[CACHE] READ MISS port0 addr=0400000b
[CACHE] READ MISS port1 addr=0400000a
[CACHE] READ MISS port0 addr=0400000c
[CACHE] READ MISS port1 addr=0400000b
[CACHE] READ MISS port0 addr=0400000d
[CACHE] READ MISS port1 addr=0400000c
[CACHE] READ MISS port0 addr=0400000e
[CACHE] READ MISS port1 addr=0400000d
[CACHE] READ MISS port0 addr=0400000f
[CACHE] READ MISS port1 addr=0400000e
[CACHE] READ MISS port0 addr=04000010
[CACHE] READ MISS port1 addr=0400000f
                           Cycle :         11
                     Instruction :          2
              Branch Instruction :          0
       Correct Branch Prediction :          0
[CACHE] READ MISS port0 addr=04000011
[CACHE] READ MISS port1 addr=04000010
Benchmarking                         For Loop Program
[CACHE] READ MISS port0 addr=04000000
[CACHE] READ MISS port1 addr=04000012
[CACHE] READ MISS port0 addr=04000001
[CACHE] READ MISS port1 addr=04000000
[CACHE] READ MISS port0 addr=04000002
[CACHE] READ MISS port1 addr=04000001
[CACHE] READ MISS port0 addr=04000003
[CACHE] READ MISS port1 addr=04000002
[CACHE] WRITE MISS -> replace way0  addr=04000003 data=2
[CACHE] READ MISS port0 addr=04000002
[CACHE] READ MISS port1 addr=04000004
[CACHE] READ HIT  port0 addr=04000003 data=2
[CACHE] READ MISS port1 addr=04000002
[CACHE] WRITE HIT  way0  addr=04000003 data=3
[CACHE] READ MISS port0 addr=04000002
[CACHE] READ MISS port1 addr=04000004
[CACHE] READ HIT  port0 addr=04000003 data=3
[CACHE] READ MISS port1 addr=04000002
[CACHE] WRITE HIT  way0  addr=04000003 data=3
[CACHE] READ MISS port0 addr=04000002
[CACHE] READ MISS port1 addr=04000004
[CACHE] READ HIT  port0 addr=04000003 data=3
[CACHE] READ MISS port1 addr=04000002
[CACHE] WRITE HIT  way0  addr=04000003 data=3
[CACHE] READ MISS port0 addr=04000002
[CACHE] READ MISS port1 addr=04000004
[CACHE] READ HIT  port0 addr=04000003 data=3
[CACHE] READ MISS port1 addr=04000002
[CACHE] WRITE HIT  way0  addr=04000003 data=3
[CACHE] READ MISS port0 addr=04000002
[CACHE] READ MISS port1 addr=04000004
[CACHE] READ HIT  port0 addr=04000003 data=3
[CACHE] READ MISS port1 addr=04000002
[CACHE] WRITE HIT  way0  addr=04000003 data=3
[CACHE] READ MISS port0 addr=04000002
[CACHE] READ MISS port1 addr=04000004
[CACHE] READ HIT  port0 addr=04000003 data=3
[CACHE] READ MISS port1 addr=04000002
[CACHE] WRITE HIT  way0  addr=04000003 data=3
[CACHE] READ MISS port0 addr=04000002
[CACHE] READ MISS port1 addr=04000004
[CACHE] READ HIT  port0 addr=04000003 data=3
[CACHE] READ MISS port1 addr=04000002
[CACHE] WRITE HIT  way0  addr=04000003 data=3
[CACHE] READ MISS port0 addr=04000002
[CACHE] READ MISS port1 addr=04000004
[CACHE] READ HIT  port0 addr=04000003 data=3
[CACHE] READ MISS port1 addr=04000002
[CACHE] WRITE HIT  way0  addr=04000003 data=3
[CACHE] READ MISS port0 addr=04000002
[CACHE] READ MISS port1 addr=04000004
[CACHE] READ HIT  port0 addr=04000003 data=3
[CACHE] READ MISS port1 addr=04000002
[CACHE] WRITE HIT  way0  addr=04000003 data=2
[CACHE] READ MISS port0 addr=04000005
[CACHE] READ MISS port1 addr=04000004
[CACHE] READ MISS port0 addr=04000006
[CACHE] READ MISS port1 addr=04000005
[CACHE] READ MISS port0 addr=04000007
[CACHE] READ MISS port1 addr=04000006
[CACHE] READ MISS port0 addr=04000008
[CACHE] READ MISS port1 addr=04000007
[CACHE] READ MISS port0 addr=04000009
[CACHE] READ MISS port1 addr=04000008
                           Cycle :         31
                     Instruction :         23
              Branch Instruction :         10
       Correct Branch Prediction :          1
[CACHE] READ MISS port0 addr=0400000a
[CACHE] READ MISS port1 addr=04000009
[CACHE] READ MISS port0 addr=0400000b
[CACHE] READ MISS port1 addr=0400000a
[CACHE] READ MISS port0 addr=0400000c
[CACHE] READ MISS port1 addr=0400000b
[CACHE] READ MISS port0 addr=0400000d
[CACHE] READ MISS port1 addr=0400000c
[CACHE] READ MISS port0 addr=0400000e
[CACHE] READ MISS port1 addr=0400000d
[CACHE] READ MISS port0 addr=0400000f
[CACHE] READ MISS port1 addr=0400000e
[CACHE] READ MISS port0 addr=04000010
[CACHE] READ MISS port1 addr=0400000f
[CACHE] READ MISS port0 addr=04000011
[CACHE] READ MISS port1 addr=04000010
[CACHE] READ MISS port0 addr=04000012
[CACHE] READ MISS port1 addr=04000011
[CACHE] READ MISS port0 addr=04000013
[CACHE] READ MISS port1 addr=04000012
[CACHE] READ MISS port0 addr=04000014
[CACHE] READ MISS port1 addr=04000013
[CACHE] READ MISS port0 addr=04000015
[CACHE] READ MISS port1 addr=04000014
[CACHE] READ MISS port0 addr=04000016
[CACHE] READ MISS port1 addr=04000015
[CACHE] READ MISS port0 addr=04000017
[CACHE] READ MISS port1 addr=04000016
[CACHE] READ MISS port0 addr=04000018
[CACHE] READ MISS port1 addr=04000017
[CACHE] READ MISS port0 addr=04000019
[CACHE] READ MISS port1 addr=04000018
[CACHE] READ MISS port0 addr=0400001a
[CACHE] READ MISS port1 addr=04000019
[CACHE] READ MISS port0 addr=0400001b
[CACHE] READ MISS port1 addr=0400001a
[CACHE] READ MISS port0 addr=0400001c
[CACHE] READ MISS port1 addr=0400001b
[CACHE] READ MISS port0 addr=0400001d
[CACHE] READ MISS port1 addr=0400001c
[CACHE] READ MISS port0 addr=0400001e
[CACHE] READ MISS port1 addr=0400001d
[CACHE] READ MISS port0 addr=0400001f
[CACHE] READ MISS port1 addr=0400001e
[CACHE] READ MISS port0 addr=04000020
[CACHE] READ MISS port1 addr=0400001f
[CACHE] READ MISS port0 addr=04000021
[CACHE] READ MISS port1 addr=04000020
[CACHE] READ MISS port0 addr=04000022
[CACHE] READ MISS port1 addr=04000021
[CACHE] READ MISS port0 addr=04000023
[CACHE] READ MISS port1 addr=04000022
[CACHE] READ MISS port0 addr=04000024
[CACHE] READ MISS port1 addr=04000023
[CACHE] READ MISS port0 addr=04000025
[CACHE] READ MISS port1 addr=04000024
[CACHE] READ MISS port0 addr=04000026
[CACHE] READ MISS port1 addr=04000025
[CACHE] READ MISS port0 addr=04000027
[CACHE] READ MISS port1 addr=04000026
[CACHE] READ MISS port0 addr=04000028
[CACHE] READ MISS port1 addr=04000027
[CACHE] READ MISS port0 addr=04000029
[CACHE] READ MISS port1 addr=04000028
[CACHE] READ MISS port0 addr=0400002a
[CACHE] READ MISS port1 addr=04000029
[CACHE] READ MISS port0 addr=0400002b
[CACHE] READ MISS port1 addr=0400002a
[CACHE] READ MISS port0 addr=0400002c
[CACHE] READ MISS port1 addr=0400002b
[CACHE] READ MISS port0 addr=0400002d
[CACHE] READ MISS port1 addr=0400002c
[CACHE] READ MISS port0 addr=0400002e
[CACHE] READ MISS port1 addr=0400002d
[CACHE] READ MISS port0 addr=0400002f
[CACHE] READ MISS port1 addr=0400002e
[CACHE] READ MISS port0 addr=04000030
[CACHE] READ MISS port1 addr=0400002f
[CACHE] READ MISS port0 addr=04000031
[CACHE] READ MISS port1 addr=04000030
[CACHE] READ MISS port0 addr=04000032
[CACHE] READ MISS port1 addr=04000031
[CACHE] READ MISS port0 addr=04000033
[CACHE] READ MISS port1 addr=04000032
[CACHE] READ MISS port0 addr=04000034
[CACHE] READ MISS port1 addr=04000033
[CACHE] READ MISS port0 addr=04000035
[CACHE] READ MISS port1 addr=04000034
[CACHE] READ MISS port0 addr=04000036
[CACHE] READ MISS port1 addr=04000035
[CACHE] READ MISS port0 addr=04000037
[CACHE] READ MISS port1 addr=04000036
[CACHE] READ MISS port0 addr=04000038
[CACHE] READ MISS port1 addr=04000037
[CACHE] READ MISS port0 addr=04000039
[CACHE] READ MISS port1 addr=04000038
[CACHE] READ MISS port0 addr=0400003a
[CACHE] READ MISS port1 addr=04000039
[CACHE] READ MISS port0 addr=0400003b
[CACHE] READ MISS port1 addr=0400003a
[CACHE] READ MISS port0 addr=0400003c
[CACHE] READ MISS port1 addr=0400003b
[CACHE] READ MISS port0 addr=0400003d
[CACHE] READ MISS port1 addr=0400003c
[CACHE] READ MISS port0 addr=0400003e
[CACHE] READ MISS port1 addr=0400003d
[CACHE] READ MISS port0 addr=0400003f
[CACHE] READ MISS port1 addr=0400003e
[CACHE] READ MISS port0 addr=04000040
[CACHE] READ MISS port1 addr=0400003f
[CACHE] READ MISS port0 addr=04000041
[CACHE] READ MISS port1 addr=04000040
[CACHE] READ MISS port0 addr=04000042
[CACHE] READ MISS port1 addr=04000041
[CACHE] READ MISS port0 addr=04000043
[CACHE] READ MISS port1 addr=04000042
[CACHE] READ MISS port0 addr=04000044
[CACHE] READ MISS port1 addr=04000043
[CACHE] READ MISS port0 addr=04000045
[CACHE] READ MISS port1 addr=04000044
[CACHE] READ MISS port0 addr=04000046
[CACHE] READ MISS port1 addr=04000045
[CACHE] READ MISS port0 addr=04000047
[CACHE] READ MISS port1 addr=04000046
[CACHE] READ MISS port0 addr=04000048
[CACHE] READ MISS port1 addr=04000047
[CACHE] READ MISS port0 addr=04000049
[CACHE] READ MISS port1 addr=04000048
[CACHE] READ MISS port0 addr=0400004a
[CACHE] READ MISS port1 addr=04000049
[CACHE] READ MISS port0 addr=0400004b
[CACHE] READ MISS port1 addr=0400004a
[CACHE] READ MISS port0 addr=0400004c
[CACHE] READ MISS port1 addr=0400004b
[CACHE] READ MISS port0 addr=0400004d
[CACHE] READ MISS port1 addr=0400004c
[CACHE] READ MISS port0 addr=0400004e
[CACHE] READ MISS port1 addr=0400004d
[CACHE] READ MISS port0 addr=0400004f
[CACHE] READ MISS port1 addr=0400004e
[CACHE] READ MISS port0 addr=04000050
[CACHE] READ MISS port1 addr=0400004f
[CACHE] READ MISS port0 addr=04000051
[CACHE] READ MISS port1 addr=04000050
[CACHE] READ MISS port0 addr=04000052
[CACHE] READ MISS port1 addr=04000051
[CACHE] READ MISS port0 addr=04000053
[CACHE] READ MISS port1 addr=04000052
[CACHE] READ MISS port0 addr=04000054
[CACHE] READ MISS port1 addr=04000053
[CACHE] READ MISS port0 addr=04000055
[CACHE] READ MISS port1 addr=04000054
[CACHE] READ MISS port0 addr=04000056
[CACHE] READ MISS port1 addr=04000055
[CACHE] READ MISS port0 addr=04000057
[CACHE] READ MISS port1 addr=04000056
[CACHE] READ MISS port0 addr=04000058
[CACHE] READ MISS port1 addr=04000057
[CACHE] READ MISS port0 addr=04000059
[CACHE] READ MISS port1 addr=04000058
[CACHE] READ MISS port0 addr=0400005a
[CACHE] READ MISS port1 addr=04000059
[CACHE] READ MISS port0 addr=0400005b
[CACHE] READ MISS port1 addr=0400005a
[CACHE] READ MISS port0 addr=0400005c
[CACHE] READ MISS port1 addr=0400005b
[CACHE] READ MISS port0 addr=0400005d
[CACHE] READ MISS port1 addr=0400005c
[CACHE] READ MISS port0 addr=0400005e
[CACHE] READ MISS port1 addr=0400005d
[CACHE] READ MISS port0 addr=0400005f
[CACHE] READ MISS port1 addr=0400005e
[CACHE] READ MISS port0 addr=04000060
[CACHE] READ MISS port1 addr=0400005f
[CACHE] READ MISS port0 addr=04000061
[CACHE] READ MISS port1 addr=04000060
[CACHE] READ MISS port0 addr=04000062
[CACHE] READ MISS port1 addr=04000061
[CACHE] READ MISS port0 addr=04000063
[CACHE] READ MISS port1 addr=04000062
[CACHE] READ MISS port0 addr=04000064
[CACHE] READ MISS port1 addr=04000063
[CACHE] READ MISS port0 addr=04000065
[CACHE] READ MISS port1 addr=04000064
[CACHE] READ MISS port0 addr=04000066
[CACHE] READ MISS port1 addr=04000065
[CACHE] READ MISS port0 addr=04000067
[CACHE] READ MISS port1 addr=04000066
[CACHE] READ MISS port0 addr=04000068
[CACHE] READ MISS port1 addr=04000067
[CACHE] READ MISS port0 addr=04000069
[CACHE] READ MISS port1 addr=04000068
[CACHE] READ MISS port0 addr=0400006a
[CACHE] READ MISS port1 addr=04000069
[CACHE] READ MISS port0 addr=0400006b
[CACHE] READ MISS port1 addr=0400006a
[CACHE] READ MISS port0 addr=0400006c
[CACHE] READ MISS port1 addr=0400006b
[CACHE] READ MISS port0 addr=0400006d
[CACHE] READ MISS port1 addr=0400006c
[CACHE] READ MISS port0 addr=0400006e
[CACHE] READ MISS port1 addr=0400006d
All tests passed!
mmio_counter_tb.v:253: $finish called at 3370000 (1ps)
