#-----------------------------------------------------------
# Vivado v2024.2 (64-bit)
# SW Build 5239630 on Fri Nov 08 22:34:34 MST 2024
# IP Build 5239520 on Sun Nov 10 16:12:51 MST 2024
# SharedData Build 5239561 on Fri Nov 08 14:39:27 MST 2024
# Start of session at: Thu Oct  2 18:29:23 2025
# Process ID         : 34015
# Current directory  : /home/wang/RISC-V_FPGA_PROJECT/hardware/build
# Command line       : vivado
# Log file           : /home/wang/RISC-V_FPGA_PROJECT/hardware/build/vivado.log
# Journal file       : /home/wang/RISC-V_FPGA_PROJECT/hardware/build/vivado.jou
# Running On         : wang
# Platform           : Ubuntu
# Operating System   : Ubuntu 24.04.2 LTS
# Processor Detail   : Intel(R) Core(TM) Ultra 7 155H
# CPU Frequency      : 2995.201 MHz
# CPU Physical cores : 11
# CPU Logical cores  : 22
# Host memory        : 16561 MB
# Swap memory        : 4294 MB
# Total Virtual      : 20856 MB
# Available Virtual  : 19775 MB
#-----------------------------------------------------------
start_gui
open_checkpoint /home/wang/fpga_labs_fa22-master/lab1/build/synth/z1top.dcp
Command: open_checkpoint /home/wang/fpga_labs_fa22-master/lab1/build/synth/z1top.dcp

Starting open_checkpoint Task

Time (s): cpu = 00:00:00.02 ; elapsed = 00:00:00.03 . Memory (MB): peak = 7440.004 ; gain = 0.000 ; free physical = 12902 ; free virtual = 18269
INFO: [IP_Flow 19-234] Refreshing IP repositories
INFO: [IP_Flow 19-1704] No user IP repositories specified
INFO: [IP_Flow 19-2313] Loaded Vivado IP repository '/home/wang/Vivado/Vivado/2024.2/data/ip'.
INFO: [Device 21-403] Loading part xc7z020clg400-1
Netlist sorting complete. Time (s): cpu = 00:00:00 ; elapsed = 00:00:00 . Memory (MB): peak = 7691.621 ; gain = 0.000 ; free physical = 12660 ; free virtual = 18072
INFO: [Project 1-479] Netlist was created with Vivado 2024.2
INFO: [Project 1-570] Preparing netlist for logic optimization
Read ShapeDB Complete: Time (s): cpu = 00:00:00 ; elapsed = 00:00:00 . Memory (MB): peak = 7753.465 ; gain = 0.000 ; free physical = 12558 ; free virtual = 17983
INFO: [Timing 38-478] Restoring timing data from binary archive.
INFO: [Timing 38-479] Binary timing data restore complete.
INFO: [Project 1-856] Restoring constraints from binary archive.
INFO: [Constraints 18-5170] The checkpoint was created with non-default parameter values which do not match the current Vivado settings.  Mismatching parameters are:
  general.maxThreads
INFO: [Project 1-853] Binary constraint restore complete.
INFO: [Designutils 20-5722] Start Reading Physical Databases.
Reading placement.
Read Netlist Cache: Time (s): cpu = 00:00:00 ; elapsed = 00:00:00 . Memory (MB): peak = 8206.199 ; gain = 0.000 ; free physical = 12091 ; free virtual = 17538
Reading placer database...
Read Device Cache: Time (s): cpu = 00:00:00 ; elapsed = 00:00:00.01 . Memory (MB): peak = 8206.199 ; gain = 0.000 ; free physical = 12091 ; free virtual = 17538
Read PlaceDB: Time (s): cpu = 00:00:00 ; elapsed = 00:00:00 . Memory (MB): peak = 8206.199 ; gain = 0.000 ; free physical = 12091 ; free virtual = 17538
Read PulsedLatchDB: Time (s): cpu = 00:00:00 ; elapsed = 00:00:00 . Memory (MB): peak = 8206.199 ; gain = 0.000 ; free physical = 12091 ; free virtual = 17538
Reading routing.
Read RouteStorage: Time (s): cpu = 00:00:00 ; elapsed = 00:00:00.01 . Memory (MB): peak = 8246.219 ; gain = 40.020 ; free physical = 12091 ; free virtual = 17538
Read Physdb Files: Time (s): cpu = 00:00:00.01 ; elapsed = 00:00:00.02 . Memory (MB): peak = 8246.219 ; gain = 40.020 ; free physical = 12091 ; free virtual = 17538
Restored from archive | CPU: 0.040000 secs | Memory: 1.099174 MB |
Finished XDEF File Restore: Time (s): cpu = 00:00:00.04 ; elapsed = 00:00:00.04 . Memory (MB): peak = 8246.219 ; gain = 40.020 ; free physical = 12091 ; free virtual = 17538
Netlist sorting complete. Time (s): cpu = 00:00:00 ; elapsed = 00:00:00 . Memory (MB): peak = 8246.219 ; gain = 0.000 ; free physical = 12090 ; free virtual = 17538
INFO: [Project 1-111] Unisim Transformation Summary:
No Unisim elements were transformed.

INFO: [Project 1-604] Checkpoint was created with Vivado v2024.2 (64-bit) build 5239630
open_checkpoint: Time (s): cpu = 00:00:20 ; elapsed = 00:00:12 . Memory (MB): peak = 8645.473 ; gain = 1217.344 ; free physical = 11751 ; free virtual = 17205
report_timing_summary -delay_type min_max -report_unconstrained -check_timing_verbose -max_paths 10 -input_pins -routable_nets -name timing_1
INFO: [Timing 38-35] Done setting XDC timing constraints.
INFO: [Timing 38-91] UpdateTimingParams: Speed grade: -1, Delay Type: min_max.
INFO: [Timing 38-191] Multithreading enabled for timing update using a maximum of 8 CPUs
report_timing_summary -delay_type min_max -report_unconstrained -check_timing_verbose -max_paths 10 -input_pins -routable_nets -name timing_2
INFO: [Timing 38-91] UpdateTimingParams: Speed grade: -1, Delay Type: min_max.
INFO: [Timing 38-191] Multithreading enabled for timing update using a maximum of 8 CPUs
close_design
open_checkpoint /home/wang/RISC-V_FPGA_PROJECT/hardware/build/synth/z1top.dcp
Command: open_checkpoint /home/wang/RISC-V_FPGA_PROJECT/hardware/build/synth/z1top.dcp

Starting open_checkpoint Task

Time (s): cpu = 00:00:00 ; elapsed = 00:00:00 . Memory (MB): peak = 8709.535 ; gain = 0.000 ; free physical = 12178 ; free virtual = 17112
INFO: [IP_Flow 19-234] Refreshing IP repositories
INFO: [IP_Flow 19-1704] No user IP repositories specified
INFO: [IP_Flow 19-2313] Loaded Vivado IP repository '/home/wang/Vivado/Vivado/2024.2/data/ip'.
Netlist sorting complete. Time (s): cpu = 00:00:00.03 ; elapsed = 00:00:00.02 . Memory (MB): peak = 8709.535 ; gain = 0.000 ; free physical = 12168 ; free virtual = 17104
INFO: [Netlist 29-17] Analyzing 608 Unisim elements for replacement
INFO: [Netlist 29-28] Unisim Transformation completed in 0 CPU seconds
INFO: [Project 1-479] Netlist was created with Vivado 2024.2
INFO: [Project 1-570] Preparing netlist for logic optimization
Read ShapeDB Complete: Time (s): cpu = 00:00:00 ; elapsed = 00:00:00.01 . Memory (MB): peak = 8709.535 ; gain = 0.000 ; free physical = 12158 ; free virtual = 17104
INFO: [Timing 38-478] Restoring timing data from binary archive.
INFO: [Timing 38-479] Binary timing data restore complete.
INFO: [Project 1-856] Restoring constraints from binary archive.
INFO: [Constraints 18-5170] The checkpoint was created with non-default parameter values which do not match the current Vivado settings.  Mismatching parameters are:
  general.maxThreads
INFO: [Project 1-853] Binary constraint restore complete.
INFO: [Designutils 20-5722] Start Reading Physical Databases.
Reading placement.
Read Netlist Cache: Time (s): cpu = 00:00:00 ; elapsed = 00:00:00 . Memory (MB): peak = 8709.535 ; gain = 0.000 ; free physical = 12088 ; free virtual = 17058
Reading placer database...
Read Device Cache: Time (s): cpu = 00:00:00 ; elapsed = 00:00:00.01 . Memory (MB): peak = 8709.535 ; gain = 0.000 ; free physical = 12088 ; free virtual = 17058
Read PlaceDB: Time (s): cpu = 00:00:00 ; elapsed = 00:00:00 . Memory (MB): peak = 8709.535 ; gain = 0.000 ; free physical = 12088 ; free virtual = 17058
Read PulsedLatchDB: Time (s): cpu = 00:00:00 ; elapsed = 00:00:00 . Memory (MB): peak = 8709.535 ; gain = 0.000 ; free physical = 12088 ; free virtual = 17058
Reading routing.
Read RouteStorage: Time (s): cpu = 00:00:00 ; elapsed = 00:00:00 . Memory (MB): peak = 8709.535 ; gain = 0.000 ; free physical = 12088 ; free virtual = 17058
Read Physdb Files: Time (s): cpu = 00:00:00.01 ; elapsed = 00:00:00.01 . Memory (MB): peak = 8709.535 ; gain = 0.000 ; free physical = 12088 ; free virtual = 17058
Restored from archive | CPU: 0.020000 secs | Memory: 0.037445 MB |
Finished XDEF File Restore: Time (s): cpu = 00:00:00.01 ; elapsed = 00:00:00.01 . Memory (MB): peak = 8709.535 ; gain = 0.000 ; free physical = 12088 ; free virtual = 17058
Netlist sorting complete. Time (s): cpu = 00:00:00 ; elapsed = 00:00:00 . Memory (MB): peak = 8709.535 ; gain = 0.000 ; free physical = 12088 ; free virtual = 17058
INFO: [Project 1-111] Unisim Transformation Summary:
  A total of 25 instances were transformed.
  RAM128X1D => RAM128X1D (MUXF7(x2), RAMD64E(x4)): 25 instances

INFO: [Project 1-604] Checkpoint was created with Vivado v2024.2 (64-bit) build 5239630
open_checkpoint: Time (s): cpu = 00:00:12 ; elapsed = 00:00:07 . Memory (MB): peak = 8727.539 ; gain = 18.004 ; free physical = 12009 ; free virtual = 16982
report_timing_summary -delay_type min_max -report_unconstrained -check_timing_verbose -max_paths 10 -input_pins -routable_nets -name timing_1
INFO: [Timing 38-35] Done setting XDC timing constraints.
INFO: [Timing 38-2] Deriving generated clocks
INFO: [Timing 38-91] UpdateTimingParams: Speed grade: -1, Delay Type: min_max.
INFO: [Timing 38-191] Multithreading enabled for timing update using a maximum of 8 CPUs
report_timing_summary -delay_type min_max -report_unconstrained -check_timing_verbose -max_paths 10 -input_pins -routable_nets -name timing_1
INFO: [Timing 38-91] UpdateTimingParams: Speed grade: -1, Delay Type: min_max.
INFO: [Timing 38-191] Multithreading enabled for timing update using a maximum of 8 CPUs
close_design
open_checkpoint /home/wang/RISC-V_FPGA_PROJECT/hardware/build/synth/z1top.dcp
Command: open_checkpoint /home/wang/RISC-V_FPGA_PROJECT/hardware/build/synth/z1top.dcp

Starting open_checkpoint Task

Time (s): cpu = 00:00:00 ; elapsed = 00:00:00 . Memory (MB): peak = 8777.844 ; gain = 0.000 ; free physical = 11042 ; free virtual = 16413
INFO: [IP_Flow 19-234] Refreshing IP repositories
INFO: [IP_Flow 19-1704] No user IP repositories specified
INFO: [IP_Flow 19-2313] Loaded Vivado IP repository '/home/wang/Vivado/Vivado/2024.2/data/ip'.
Netlist sorting complete. Time (s): cpu = 00:00:00.02 ; elapsed = 00:00:00.02 . Memory (MB): peak = 8777.844 ; gain = 0.000 ; free physical = 11044 ; free virtual = 16414
INFO: [Netlist 29-17] Analyzing 608 Unisim elements for replacement
INFO: [Netlist 29-28] Unisim Transformation completed in 0 CPU seconds
INFO: [Project 1-479] Netlist was created with Vivado 2024.2
INFO: [Project 1-570] Preparing netlist for logic optimization
Read ShapeDB Complete: Time (s): cpu = 00:00:00 ; elapsed = 00:00:00 . Memory (MB): peak = 8777.844 ; gain = 0.000 ; free physical = 11047 ; free virtual = 16418
INFO: [Timing 38-478] Restoring timing data from binary archive.
INFO: [Timing 38-479] Binary timing data restore complete.
INFO: [Project 1-856] Restoring constraints from binary archive.
INFO: [Constraints 18-5170] The checkpoint was created with non-default parameter values which do not match the current Vivado settings.  Mismatching parameters are:
  general.maxThreads
INFO: [Project 1-853] Binary constraint restore complete.
INFO: [Designutils 20-5722] Start Reading Physical Databases.
Reading placement.
Read Netlist Cache: Time (s): cpu = 00:00:00 ; elapsed = 00:00:00 . Memory (MB): peak = 8777.844 ; gain = 0.000 ; free physical = 11055 ; free virtual = 16425
Reading placer database...
Read Device Cache: Time (s): cpu = 00:00:00.01 ; elapsed = 00:00:00.01 . Memory (MB): peak = 8777.844 ; gain = 0.000 ; free physical = 11055 ; free virtual = 16425
Read PlaceDB: Time (s): cpu = 00:00:00.01 ; elapsed = 00:00:00 . Memory (MB): peak = 8777.844 ; gain = 0.000 ; free physical = 11055 ; free virtual = 16425
Read PulsedLatchDB: Time (s): cpu = 00:00:00 ; elapsed = 00:00:00 . Memory (MB): peak = 8777.844 ; gain = 0.000 ; free physical = 11055 ; free virtual = 16425
Reading routing.
Read RouteStorage: Time (s): cpu = 00:00:00.02 ; elapsed = 00:00:00.02 . Memory (MB): peak = 8777.844 ; gain = 0.000 ; free physical = 11054 ; free virtual = 16425
Read Physdb Files: Time (s): cpu = 00:00:00.05 ; elapsed = 00:00:00.03 . Memory (MB): peak = 8777.844 ; gain = 0.000 ; free physical = 11054 ; free virtual = 16425
Restored from archive | CPU: 0.050000 secs | Memory: 0.505600 MB |
Finished XDEF File Restore: Time (s): cpu = 00:00:00.06 ; elapsed = 00:00:00.03 . Memory (MB): peak = 8777.844 ; gain = 0.000 ; free physical = 11054 ; free virtual = 16425
Netlist sorting complete. Time (s): cpu = 00:00:00 ; elapsed = 00:00:00 . Memory (MB): peak = 8777.844 ; gain = 0.000 ; free physical = 11054 ; free virtual = 16425
INFO: [Project 1-111] Unisim Transformation Summary:
  A total of 25 instances were transformed.
  RAM128X1D => RAM128X1D (MUXF7(x2), RAMD64E(x4)): 25 instances

INFO: [Project 1-604] Checkpoint was created with Vivado v2024.2 (64-bit) build 5239630
open_checkpoint: Time (s): cpu = 00:00:15 ; elapsed = 00:00:07 . Memory (MB): peak = 8803.012 ; gain = 25.168 ; free physical = 11040 ; free virtual = 16411
report_timing_summary -delay_type min_max -report_unconstrained -check_timing_verbose -max_paths 10 -input_pins -routable_nets -name timing_1
INFO: [Timing 38-35] Done setting XDC timing constraints.
INFO: [Timing 38-2] Deriving generated clocks
INFO: [Timing 38-91] UpdateTimingParams: Speed grade: -1, Delay Type: min_max.
INFO: [Timing 38-191] Multithreading enabled for timing update using a maximum of 8 CPUs
close_design
open_checkpoint /home/wang/RISC-V_FPGA_PROJECT/hardware/build/impl/z1top_routed.dcp
Command: open_checkpoint /home/wang/RISC-V_FPGA_PROJECT/hardware/build/impl/z1top_routed.dcp

Starting open_checkpoint Task

Time (s): cpu = 00:00:00 ; elapsed = 00:00:00 . Memory (MB): peak = 8803.012 ; gain = 0.000 ; free physical = 11386 ; free virtual = 16359
INFO: [IP_Flow 19-234] Refreshing IP repositories
INFO: [IP_Flow 19-1704] No user IP repositories specified
INFO: [IP_Flow 19-2313] Loaded Vivado IP repository '/home/wang/Vivado/Vivado/2024.2/data/ip'.
Netlist sorting complete. Time (s): cpu = 00:00:00.03 ; elapsed = 00:00:00.01 . Memory (MB): peak = 8803.012 ; gain = 0.000 ; free physical = 11329 ; free virtual = 16303
INFO: [Netlist 29-17] Analyzing 607 Unisim elements for replacement
INFO: [Netlist 29-28] Unisim Transformation completed in 0 CPU seconds
INFO: [Project 1-479] Netlist was created with Vivado 2024.2
INFO: [Project 1-570] Preparing netlist for logic optimization
Read ShapeDB Complete: Time (s): cpu = 00:00:00.01 ; elapsed = 00:00:00.01 . Memory (MB): peak = 8803.012 ; gain = 0.000 ; free physical = 11320 ; free virtual = 16305
INFO: [Timing 38-478] Restoring timing data from binary archive.
INFO: [Timing 38-479] Binary timing data restore complete.
INFO: [Project 1-856] Restoring constraints from binary archive.
INFO: [Constraints 18-5170] The checkpoint was created with non-default parameter values which do not match the current Vivado settings.  Mismatching parameters are:
  general.maxThreads
INFO: [Project 1-853] Binary constraint restore complete.
INFO: [Designutils 20-5722] Start Reading Physical Databases.
Reading placement.
Read Netlist Cache: Time (s): cpu = 00:00:00 ; elapsed = 00:00:00 . Memory (MB): peak = 8803.012 ; gain = 0.000 ; free physical = 11297 ; free virtual = 16303
Reading placer database...
Read Device Cache: Time (s): cpu = 00:00:00.01 ; elapsed = 00:00:00.01 . Memory (MB): peak = 8803.012 ; gain = 0.000 ; free physical = 11297 ; free virtual = 16303
Read PlaceDB: Time (s): cpu = 00:00:00.1 ; elapsed = 00:00:00.1 . Memory (MB): peak = 8803.012 ; gain = 0.000 ; free physical = 11297 ; free virtual = 16303
Read PulsedLatchDB: Time (s): cpu = 00:00:00 ; elapsed = 00:00:00 . Memory (MB): peak = 8803.012 ; gain = 0.000 ; free physical = 11297 ; free virtual = 16303
Reading routing.
Read RouteStorage: Time (s): cpu = 00:00:00.1 ; elapsed = 00:00:00.03 . Memory (MB): peak = 8803.012 ; gain = 0.000 ; free physical = 11297 ; free virtual = 16303
Read Physdb Files: Time (s): cpu = 00:00:00.21 ; elapsed = 00:00:00.15 . Memory (MB): peak = 8803.012 ; gain = 0.000 ; free physical = 11297 ; free virtual = 16303
Restored from archive | CPU: 0.230000 secs | Memory: 6.456047 MB |
Finished XDEF File Restore: Time (s): cpu = 00:00:00.21 ; elapsed = 00:00:00.15 . Memory (MB): peak = 8803.012 ; gain = 0.000 ; free physical = 11297 ; free virtual = 16303
Netlist sorting complete. Time (s): cpu = 00:00:00 ; elapsed = 00:00:00 . Memory (MB): peak = 8803.012 ; gain = 0.000 ; free physical = 11297 ; free virtual = 16303
INFO: [Project 1-111] Unisim Transformation Summary:
  A total of 25 instances were transformed.
  RAM128X1D => RAM128X1D (MUXF7(x2), RAMD64E(x4)): 25 instances

INFO: [Project 1-604] Checkpoint was created with Vivado v2024.2 (64-bit) build 5239630
open_checkpoint: Time (s): cpu = 00:00:10 ; elapsed = 00:00:07 . Memory (MB): peak = 8803.012 ; gain = 0.000 ; free physical = 11363 ; free virtual = 16377
report_timing_summary -delay_type min_max -report_unconstrained -check_timing_verbose -max_paths 10 -input_pins -routable_nets -name timing_1
INFO: [Timing 38-91] UpdateTimingParams: Speed grade: -1, Delay Type: min_max.
INFO: [Timing 38-191] Multithreading enabled for timing update using a maximum of 8 CPUs
exit
INFO: [Common 17-206] Exiting Vivado at Thu Oct  2 22:50:02 2025...
